Tue Sep 11 16:23:09 EDT 2001  [debug] AvalonLogSystem initialized using logfile D:\jakarta\CVS\jakarta-lucene\velocity.log
Tue Sep 11 16:23:09 EDT 2001   [info] RuntimeInstance v1.2x initializing  : org.apache.velocity.runtime.RuntimeInstance@63b895
Tue Sep 11 16:23:09 EDT 2001   [info] Default Properties File: org\apache\velocity\runtime\defaults\velocity.properties
Tue Sep 11 16:23:09 EDT 2001   [info] Resource manager initializing.
Tue Sep 11 16:23:09 EDT 2001   [info] Resource Loader Instantiated: org.apache.velocity.runtime.resource.loader.FileResourceLoader
Tue Sep 11 16:23:09 EDT 2001   [info] FileResourceLoader : initialization starting.
Tue Sep 11 16:23:09 EDT 2001   [info] FileResourceLoader : adding path 'D:\jakarta\CVS\jakarta-site2\xdocs\stylesheets'
Tue Sep 11 16:23:09 EDT 2001   [info] FileResourceLoader : initialization complete.
Tue Sep 11 16:23:09 EDT 2001   [info] Loaded Pluggable Directive: org.apache.velocity.runtime.directive.Literal
Tue Sep 11 16:23:09 EDT 2001   [info] Loaded Pluggable Directive: org.apache.velocity.runtime.directive.Macro
Tue Sep 11 16:23:09 EDT 2001   [info] Loaded Pluggable Directive: org.apache.velocity.runtime.directive.Parse
Tue Sep 11 16:23:09 EDT 2001   [info] Loaded Pluggable Directive: org.apache.velocity.runtime.directive.Include
Tue Sep 11 16:23:09 EDT 2001   [info] Loaded Pluggable Directive: org.apache.velocity.runtime.directive.Foreach
Tue Sep 11 16:23:10 EDT 2001   [info] Created: 20 parsers.
Tue Sep 11 16:23:10 EDT 2001   [info] Velocimacro : initialization starting.
Tue Sep 11 16:23:10 EDT 2001   [info] Velocimacro : adding VMs from VM library template : VM_global_library.vm
Tue Sep 11 16:23:10 EDT 2001  [error] ResourceManager : unable to find resource 'VM_global_library.vm' in any resource loader.
Tue Sep 11 16:23:10 EDT 2001   [info] Velocimacro : error using  VM library template VM_global_library.vm : org.apache.velocity.exception.ResourceNotFoundException: Unable to find resource 'VM_global_library.vm'
Tue Sep 11 16:23:10 EDT 2001   [info] Velocimacro :  VM library template macro registration complete.
Tue Sep 11 16:23:10 EDT 2001   [info] Velocimacro : allowInline = true : VMs can be defined inline in templates
Tue Sep 11 16:23:10 EDT 2001   [info] Velocimacro : allowInlineToOverride = false : VMs defined inline may NOT replace previous VM definitions
Tue Sep 11 16:23:10 EDT 2001   [info] Velocimacro : allowInlineLocal = false : VMs defined inline will be  global in scope if allowed.
Tue Sep 11 16:23:10 EDT 2001   [info] Velocimacro : messages on  : VM system will output logging messages
Tue Sep 11 16:23:10 EDT 2001   [info] Velocimacro : autoload off  : VM system will not automatically reload global library macros
Tue Sep 11 16:23:10 EDT 2001   [info] Velocimacro : initialization complete.
Tue Sep 11 16:23:10 EDT 2001   [info] Velocity successfully started.
Tue Sep 11 16:23:10 EDT 2001   [info] Velocimacro : added new VM : #table( table ) : source = ./site.vsl
Tue Sep 11 16:23:10 EDT 2001   [info] Velocimacro : added new VM : #tr( tr ) : source = ./site.vsl
Tue Sep 11 16:23:10 EDT 2001   [info] Velocimacro : added new VM : #td( value ) : source = ./site.vsl
Tue Sep 11 16:23:10 EDT 2001   [info] Velocimacro : added new VM : #th( value ) : source = ./site.vsl
Tue Sep 11 16:23:10 EDT 2001   [info] Velocimacro : added new VM : #projectanchor( name value ) : source = ./site.vsl
Tue Sep 11 16:23:10 EDT 2001   [info] Velocimacro : added new VM : #metaauthor( author email ) : source = ./site.vsl
Tue Sep 11 16:23:10 EDT 2001   [info] Velocimacro : added new VM : #image( value ) : source = ./site.vsl
Tue Sep 11 16:23:10 EDT 2001   [info] Velocimacro : added new VM : #source( value ) : source = ./site.vsl
Tue Sep 11 16:23:10 EDT 2001   [info] Velocimacro : added new VM : #subsection( subsection ) : source = ./site.vsl
Tue Sep 11 16:23:10 EDT 2001   [info] Velocimacro : added new VM : #section( section ) : source = ./site.vsl
Tue Sep 11 16:23:10 EDT 2001   [info] Velocimacro : added new VM : #makeProject( ) : source = ./site.vsl
Tue Sep 11 16:23:10 EDT 2001   [info] Velocimacro : added new VM : #getProjectImage( ) : source = ./site.vsl
Tue Sep 11 16:23:10 EDT 2001   [info] Velocimacro : added new VM : #document( ) : source = ./site.vsl
Tue Sep 11 16:23:10 EDT 2001  [error] VM #tr: error : too few arguments to macro. Wanted 1 got 0  -->
Tue Sep 11 16:23:10 EDT 2001  [error] VM #td: error : too few arguments to macro. Wanted 1 got 0  -->
Tue Sep 11 16:23:10 EDT 2001  [error] VM #th: error : too few arguments to macro. Wanted 1 got 0  -->
Tue Sep 11 16:23:11 EDT 2001   [info] ResourceManager : found ./site.vsl with loader org.apache.velocity.runtime.resource.loader.FileResourceLoader
Tue Sep 11 16:23:11 EDT 2001   [warn] Velocimacro : VM addition rejected : table : inline not allowed to replace existing VM
Tue Sep 11 16:23:11 EDT 2001   [warn] Velocimacro : VM addition rejected : tr : inline not allowed to replace existing VM
Tue Sep 11 16:23:11 EDT 2001   [warn] Velocimacro : VM addition rejected : td : inline not allowed to replace existing VM
Tue Sep 11 16:23:11 EDT 2001   [warn] Velocimacro : VM addition rejected : th : inline not allowed to replace existing VM
Tue Sep 11 16:23:11 EDT 2001   [warn] Velocimacro : VM addition rejected : projectanchor : inline not allowed to replace existing VM
Tue Sep 11 16:23:11 EDT 2001   [warn] Velocimacro : VM addition rejected : metaauthor : inline not allowed to replace existing VM
Tue Sep 11 16:23:11 EDT 2001   [warn] Velocimacro : VM addition rejected : image : inline not allowed to replace existing VM
Tue Sep 11 16:23:11 EDT 2001   [warn] Velocimacro : VM addition rejected : source : inline not allowed to replace existing VM
Tue Sep 11 16:23:11 EDT 2001   [warn] Velocimacro : VM addition rejected : subsection : inline not allowed to replace existing VM
Tue Sep 11 16:23:11 EDT 2001   [warn] Velocimacro : VM addition rejected : section : inline not allowed to replace existing VM
Tue Sep 11 16:23:11 EDT 2001   [warn] Velocimacro : VM addition rejected : makeProject : inline not allowed to replace existing VM
Tue Sep 11 16:23:11 EDT 2001   [warn] Velocimacro : VM addition rejected : getProjectImage : inline not allowed to replace existing VM
Tue Sep 11 16:23:11 EDT 2001   [warn] Velocimacro : VM addition rejected : document : inline not allowed to replace existing VM
Tue Sep 11 16:23:11 EDT 2001   [info] ResourceManager : found ./site.vsl with loader org.apache.velocity.runtime.resource.loader.FileResourceLoader
